#
# There is insufficient memory for the Java Runtime Environment to continue.
# Native memory allocation (mmap) failed to map 4161536 bytes for G1 virtual space
# Possible reasons:
#   The system is out of physical RAM or swap space
#   The process is running with CompressedOops enabled, and the Java Heap may be blocking the growth of the native heap
# Possible solutions:
#   Reduce memory load on the system
#   Increase physical memory or swap space
#   Check if swap backing store is full
#   Decrease Java heap size (-Xmx/-Xms)
#   Decrease number of Java threads
#   Decrease Java thread stack sizes (-Xss)
#   Set larger code cache with -XX:ReservedCodeCacheSize=
#   JVM is running with Zero Based Compressed Oops mode in which the Java heap is
#     placed in the first 32GB address space. The Java Heap base address is the
#     maximum limit for the native heap growth. Please use -XX:HeapBaseMinAddress
#     to set the Java Heap base and to place the Java Heap above 32GB virtual address.
# This output file may be truncated or incomplete.
#
#  Out of Memory Error (os_windows.cpp:3600), pid=20248, tid=30636
#
# JRE version:  (21.0.1+12) (build )
# Java VM: Java HotSpot(TM) 64-Bit Server VM (21.0.1+12-LTS-29, mixed mode, sharing, tiered, compressed oops, compressed class ptrs, g1 gc, windows-amd64)
# No core dump will be written. Minidumps are not enabled by default on client versions of Windows
#

---------------  S U M M A R Y ------------

Command Line: --enable-preview -javaagent:D:\Program Files\JetBrains\IntelliJ IDEA 2023.3.2\lib\idea_rt.jar=51248:D:\Program Files\JetBrains\IntelliJ IDEA 2023.3.2\bin -Dfile.encoding=UTF-8 -Dsun.stdout.encoding=UTF-8 -Dsun.stderr.encoding=UTF-8 com.tuling.jucdemo.threadlocal.ScopedValueTest

Host: Intel(R) Core(TM) i7-10750H CPU @ 2.60GHz, 12 cores, 15G,  Windows 11 , 64 bit Build 22621 (10.0.22621.3085)
Time: Wed Mar  6 16:50:45 2024  Windows 11 , 64 bit Build 22621 (10.0.22621.3085) elapsed time: 0.009389 seconds (0d 0h 0m 0s)

---------------  T H R E A D  ---------------

Current thread (0x000001edaf71b800):  JavaThread "Unknown thread" [_thread_in_vm, id=30636, stack(0x0000005025900000,0x0000005025a00000) (1024K)]

Stack: [0x0000005025900000,0x0000005025a00000]
Native frames: (J=compiled Java code, j=interpreted, Vv=VM code, C=native code)
V  [jvm.dll+0x6c9029]
V  [jvm.dll+0x854b81]
V  [jvm.dll+0x856e5e]
V  [jvm.dll+0x857543]
V  [jvm.dll+0x280c06]
V  [jvm.dll+0x6c5715]
V  [jvm.dll+0x6ba10a]
V  [jvm.dll+0x3557ea]
V  [jvm.dll+0x35d436]
V  [jvm.dll+0x3ae1d3]
V  [jvm.dll+0x3ae468]
V  [jvm.dll+0x3291fc]
V  [jvm.dll+0x329d8b]
V  [jvm.dll+0x81d179]
V  [jvm.dll+0x3bb4f1]
V  [jvm.dll+0x805ae8]
V  [jvm.dll+0x44effe]
V  [jvm.dll+0x450901]
C  [jli.dll+0x52a3]
C  [ucrtbase.dll+0x29363]
C  [KERNEL32.DLL+0x1257d]
C  [ntdll.dll+0x5aa58]


---------------  P R O C E S S  ---------------

Threads class SMR info:
_java_thread_list=0x00007ffdeb9f9b88, length=0, elements={
}

Java Threads: ( => current thread )
Total: 0

Other Threads:
  0x000001edafa807e0 WorkerThread "GC Thread#0"                     [id=21696, stack(0x0000005025a00000,0x0000005025b00000) (1024K)]
  0x000001edafa91770 ConcurrentGCThread "G1 Main Marker"            [id=35464, stack(0x0000005025b00000,0x0000005025c00000) (1024K)]
  0x000001edafa92a10 WorkerThread "G1 Conc#0"                       [id=35024, stack(0x0000005025c00000,0x0000005025d00000) (1024K)]

[error occurred during error reporting (printing all threads), id 0xc0000005, EXCEPTION_ACCESS_VIOLATION (0xc0000005) at pc=0x00007ffdeb16c2c7]
VM state: not at safepoint (not fully initialized)

VM Mutex/Monitor currently owned by a thread:  ([mutex/lock_event])
[0x00007ffdeba6a6f8] Heap_lock - owner thread: 0x000001edaf71b800

Heap address: 0x0000000702000000, size: 4064 MB, Compressed Oops mode: Zero based, Oop shift amount: 3

CDS archive(s) mapped at: [0x0000000000000000-0x0000000000000000-0x0000000000000000), size 0, SharedBaseAddress: 0x0000000800000000, ArchiveRelocationMode: 1.
Narrow klass base: 0x0000000000000000, Narrow klass shift: 0, Narrow klass range: 0x0

GC Precious Log:
 CardTable entry size: 512
 Card Set container configuration: InlinePtr #cards 4 size 8 Array Of Cards #cards 16 size 48 Howl #buckets 8 coarsen threshold 3686 Howl Bitmap #cards 512 size 80 coarsen threshold 460 Card regions per heap region 1 cards per card region 4096

Heap:
 garbage-first heap   total 0K, used 0K [0x0000000702000000, 0x0000000800000000)
  region size 2048K, 0 young (0K), 0 survivors (0K)

[error occurred during error reporting (printing heap information), id 0xc0000005, EXCEPTION_ACCESS_VIOLATION (0xc0000005) at pc=0x00007ffdeb551be9]
GC Heap History (0 events):
No events

Dll operation events (1 events):
Event: 0.006 Loaded shared library C:\Program Files\Java\jdk-21.0.1\bin\java.dll

Deoptimization events (0 events):
No events

Classes loaded (0 events):
No events

Classes unloaded (0 events):
No events

Classes redefined (0 events):
No events

Internal exceptions (0 events):
No events

ZGC Phase Switch (0 events):
No events

VM Operations (0 events):
No events

Events (0 events):
No events


Dynamic libraries:
0x00007ff6aa050000 - 0x00007ff6aa060000 	C:\Program Files\Java\jdk-21.0.1\bin\java.exe
0x00007ffe49930000 - 0x00007ffe49b47000 	C:\WINDOWS\SYSTEM32\ntdll.dll
0x00007ffe483e0000 - 0x00007ffe484a4000 	C:\WINDOWS\System32\KERNEL32.DLL
0x00007ffe46ec0000 - 0x00007ffe47266000 	C:\WINDOWS\System32\KERNELBASE.dll
0x00007ffe42020000 - 0x00007ffe420b7000 	C:\WINDOWS\SYSTEM32\apphelp.dll
0x00007ffe47270000 - 0x00007ffe47381000 	C:\WINDOWS\System32\ucrtbase.dll
0x00007ffe390b0000 - 0x00007ffe390c9000 	C:\Program Files\Java\jdk-21.0.1\bin\jli.dll
0x00007ffe38c50000 - 0x00007ffe38c6b000 	C:\Program Files\Java\jdk-21.0.1\bin\VCRUNTIME140.dll
0x00007ffe47950000 - 0x00007ffe47a03000 	C:\WINDOWS\System32\ADVAPI32.dll
0x00007ffe494d0000 - 0x00007ffe49577000 	C:\WINDOWS\System32\msvcrt.dll
0x00007ffe47bb0000 - 0x00007ffe47c58000 	C:\WINDOWS\System32\sechost.dll
0x00007ffe47650000 - 0x00007ffe47678000 	C:\WINDOWS\System32\bcrypt.dll
0x00007ffe482c0000 - 0x00007ffe483d7000 	C:\WINDOWS\System32\RPCRT4.dll
0x00007ffe48110000 - 0x00007ffe482be000 	C:\WINDOWS\System32\USER32.dll
0x00007ffe47390000 - 0x00007ffe473b6000 	C:\WINDOWS\System32\win32u.dll
0x00007ffe31ab0000 - 0x00007ffe31d43000 	C:\WINDOWS\WinSxS\amd64_microsoft.windows.common-controls_6595b64144ccf1df_6.0.22621.2506_none_270c5ae97388e100\COMCTL32.dll
0x00007ffe485c0000 - 0x00007ffe485e9000 	C:\WINDOWS\System32\GDI32.dll
0x00007ffe46c70000 - 0x00007ffe46d88000 	C:\WINDOWS\System32\gdi32full.dll
0x00007ffe47440000 - 0x00007ffe474da000 	C:\WINDOWS\System32\msvcp_win.dll
0x00007ffe423f0000 - 0x00007ffe423fa000 	C:\WINDOWS\SYSTEM32\VERSION.dll
0x00007ffe48eb0000 - 0x00007ffe48ee1000 	C:\WINDOWS\System32\IMM32.DLL
0x00007ffe41b70000 - 0x00007ffe41b7c000 	C:\Program Files\Java\jdk-21.0.1\bin\vcruntime140_1.dll
0x00007ffe2fbf0000 - 0x00007ffe2fc7e000 	C:\Program Files\Java\jdk-21.0.1\bin\msvcp140.dll
0x00007ffdeae30000 - 0x00007ffdebb45000 	C:\Program Files\Java\jdk-21.0.1\bin\server\jvm.dll
0x00007ffe49790000 - 0x00007ffe49801000 	C:\WINDOWS\System32\WS2_32.dll
0x00007ffe45e70000 - 0x00007ffe45ebd000 	C:\WINDOWS\SYSTEM32\POWRPROF.dll
0x00007ffe365e0000 - 0x00007ffe36614000 	C:\WINDOWS\SYSTEM32\WINMM.dll
0x00007ffe45e40000 - 0x00007ffe45e53000 	C:\WINDOWS\SYSTEM32\UMPDC.dll
0x00007ffe45ce0000 - 0x00007ffe45cf8000 	C:\WINDOWS\SYSTEM32\kernel.appcore.dll
0x00007ffe41b40000 - 0x00007ffe41b4a000 	C:\Program Files\Java\jdk-21.0.1\bin\jimage.dll
0x00007ffe442b0000 - 0x00007ffe444e3000 	C:\WINDOWS\SYSTEM32\DBGHELP.DLL
0x00007ffe47d30000 - 0x00007ffe480b9000 	C:\WINDOWS\System32\combase.dll
0x00007ffe49810000 - 0x00007ffe498e7000 	C:\WINDOWS\System32\OLEAUT32.dll
0x00007ffe40310000 - 0x00007ffe40342000 	C:\WINDOWS\SYSTEM32\dbgcore.DLL
0x00007ffe473c0000 - 0x00007ffe4743a000 	C:\WINDOWS\System32\bcryptPrimitives.dll
0x00007ffe3a0a0000 - 0x00007ffe3a0af000 	C:\Program Files\Java\jdk-21.0.1\bin\instrument.dll
0x00007ffe38c30000 - 0x00007ffe38c4f000 	C:\Program Files\Java\jdk-21.0.1\bin\java.dll

dbghelp: loaded successfully - version: 4.0.5 - missing functions: none
symbol engine: initialized successfully - sym options: 0x614 - pdb path: .;C:\Program Files\Java\jdk-21.0.1\bin;C:\WINDOWS\SYSTEM32;C:\WINDOWS\WinSxS\amd64_microsoft.windows.common-controls_6595b64144ccf1df_6.0.22621.2506_none_270c5ae97388e100;C:\Program Files\Java\jdk-21.0.1\bin\server

VM Arguments:
jvm_args: --enable-preview -javaagent:D:\Program Files\JetBrains\IntelliJ IDEA 2023.3.2\lib\idea_rt.jar=51248:D:\Program Files\JetBrains\IntelliJ IDEA 2023.3.2\bin -Dfile.encoding=UTF-8 -Dsun.stdout.encoding=UTF-8 -Dsun.stderr.encoding=UTF-8 
java_command: com.tuling.jucdemo.threadlocal.ScopedValueTest
java_class_path (initial): D:\vip7\code\juc-demo\target\classes;D:\maven\repository\org\springframework\boot\spring-boot-starter\3.2.2\spring-boot-starter-3.2.2.jar;D:\maven\repository\org\springframework\boot\spring-boot\3.2.2\spring-boot-3.2.2.jar;D:\maven\repository\org\springframework\spring-context\6.1.3\spring-context-6.1.3.jar;D:\maven\repository\org\springframework\spring-aop\6.1.3\spring-aop-6.1.3.jar;D:\maven\repository\org\springframework\spring-beans\6.1.3\spring-beans-6.1.3.jar;D:\maven\repository\org\springframework\spring-expression\6.1.3\spring-expression-6.1.3.jar;D:\maven\repository\io\micrometer\micrometer-observation\1.12.2\micrometer-observation-1.12.2.jar;D:\maven\repository\io\micrometer\micrometer-commons\1.12.2\micrometer-commons-1.12.2.jar;D:\maven\repository\org\springframework\boot\spring-boot-autoconfigure\3.2.2\spring-boot-autoconfigure-3.2.2.jar;D:\maven\repository\org\springframework\boot\spring-boot-starter-logging\3.2.2\spring-boot-starter-logging-3.2.2.jar;D:\maven\repository\ch\qos\logback\logback-classic\1.4.14\logback-classic-1.4.14.jar;D:\maven\repository\ch\qos\logback\logback-core\1.4.14\logback-core-1.4.14.jar;D:\maven\repository\org\apache\logging\log4j\log4j-to-slf4j\2.21.1\log4j-to-slf4j-2.21.1.jar;D:\maven\repository\org\apache\logging\log4j\log4j-api\2.21.1\log4j-api-2.21.1.jar;D:\maven\repository\org\slf4j\jul-to-slf4j\2.0.11\jul-to-slf4j-2.0.11.jar;D:\maven\repository\jakarta\annotation\jakarta.annotation-api\2.1.1\jakarta.annotation-api-2.1.1.jar;D:\maven\repository\org\springframework\spring-core\6.1.3\spring-core-6.1.3.jar;D:\maven\repository\org\springframework\spring-jcl\6.1.3\spring-jcl-6.1.3.jar;D:\maven\repository\org\yaml\snakeyaml\2.2\snakeyaml-2.2.jar;D:\maven\repository\org\springframework\boot\spring-boot-starter-test\3.2.2\spring-boot-starter-test-3.2.2.jar;D:\maven\repository\org\springframework\boot\spring-boot-test\3.2.2\spring-boot-test-3.2.2.jar;D:\maven\repository\org\springframework\boot\spring-boot-test-autoconfigure\3.2.2\spring-boot-test-autoconfigure-3.2.2.jar;D:\maven\repository\com\jayway\jsonpath\json-path\2.8.0\json-path-2.8.0.jar;D:\maven\repository\org\slf4j\slf4j-api\2.0.11\slf4j-api-2.0.11.jar;D:\maven\repository\jakarta\xml\bind\jakarta.xml.bind-api\4.0.1\jakarta.xml.bind-api-4.0.1.jar;D:\maven\repository\jakarta\activation\jakarta.activation-api\2.1.2\jakarta.activation-api-2.1.2.jar;D:\maven\repository\net\minidev\json-smart\2.5.0\json-smart-2.5.0.jar;D:\maven\repository\net\minidev\accessors-smart\2.5.0\accessors-smart-2.5.0.jar;D:\maven\repository\org\ow2\asm\asm\9.3\asm-9.3.jar;D:\maven\repository\org\assertj\assertj-core\3.24.2\assertj-core-3.24.2.jar;D:\maven\repository\net\bytebuddy\byte-buddy\1.14.11\byte-buddy-1.14.11.jar;D:\maven\repository\org\awaitility\awaitility\4.2.0\awaitility-4.2.0.jar;D:\maven\repository\org\hamcrest\hamcrest\2.2\hamcrest-2.2.jar;D:\maven\repository\org\junit\jupiter\junit-jupiter\5.10.1\junit-jupiter-5.10.1.jar;D:\maven\repository\org\junit\jupiter\junit-jupiter-api\5.10.1\junit-jupiter-api-5.10.1.jar;D:\maven\repository\org\opentest4j\opentest4j\1.3.0\opentest4j-1.3.0.jar;D:\maven\repository\org\junit\platform\junit-platform-commons\1.10.1\junit-platform-commons-1.10.1.jar;D:\maven\repository\org\apiguardian\apiguardian-api\1.1.2\apiguardian-api-1.1.2.jar;D:\maven\repository\org\junit\jupiter\junit-jupiter-params\5.10.1\junit-jupiter-params-5.10.1.jar;D:\maven\repository\org\junit\jupiter\junit-jupiter-engine\5.10.1\junit-jupiter-engine-5.10.1.jar;D:\maven\repository\org\junit\platform\junit-platform-engine\1.10.1\junit-platform-engine-1.10.1.jar;D:\maven\repository\org\mockito\mockito-core\5.7.0\mockito-core-5.7.0.jar;D:\maven\repository\net\bytebuddy\byte-buddy-agent\1.14.11\byte-buddy-agent-1.14.11.jar;D:\maven\repository\org\objenesis\objenesis\3.3\objenesis-3.3.jar;D:\maven\repository\org\mockito\mockito-junit-jupiter\5.7.0\mockito-junit-jupiter-5.7.0.jar;D:\maven\repository\org\skyscreamer\jsonassert\1.5.1\jsonassert-1.5.1.jar;D:\maven\repository\com\vaadin\external\google\android-json\0.0.20131108.vaadin1\android-json-0.0.20131108.vaadin1.jar;D:\maven\repository\org\springframework\spring-test\6.1.3\spring-test-6.1.3.jar;D:\maven\repository\org\xmlunit\xmlunit-core\2.9.1\xmlunit-core-2.9.1.jar
Launcher Type: SUN_STANDARD

[Global flags]
     intx CICompilerCount                          = 4                                         {product} {ergonomic}
     uint ConcGCThreads                            = 3                                         {product} {ergonomic}
     uint G1ConcRefinementThreads                  = 10                                        {product} {ergonomic}
   size_t G1HeapRegionSize                         = 2097152                                   {product} {ergonomic}
    uintx GCDrainStackTargetSize                   = 64                                        {product} {ergonomic}
   size_t InitialHeapSize                          = 266338304                                 {product} {ergonomic}
   size_t MarkStackSize                            = 4194304                                   {product} {ergonomic}
   size_t MaxHeapSize                              = 4261412864                                {product} {ergonomic}
   size_t MinHeapDeltaBytes                        = 2097152                                   {product} {ergonomic}
   size_t MinHeapSize                              = 8388608                                   {product} {ergonomic}
    uintx NonNMethodCodeHeapSize                   = 5839372                                {pd product} {ergonomic}
    uintx NonProfiledCodeHeapSize                  = 122909434                              {pd product} {ergonomic}
    uintx ProfiledCodeHeapSize                     = 122909434                              {pd product} {ergonomic}
    uintx ReservedCodeCacheSize                    = 251658240                              {pd product} {ergonomic}
     bool SegmentedCodeCache                       = true                                      {product} {ergonomic}
   size_t SoftMaxHeapSize                          = 4261412864                             {manageable} {ergonomic}
     bool UseCompressedOops                        = true                           {product lp64_product} {ergonomic}
     bool UseG1GC                                  = true                                      {product} {ergonomic}
     bool UseLargePagesIndividualAllocation        = false                                  {pd product} {ergonomic}

Logging:
Log output configuration:
 #0: stdout all=warning uptime,level,tags foldmultilines=false
 #1: stderr all=off uptime,level,tags foldmultilines=false

Environment Variables:
JAVA_HOME=C:\Program Files\Java\jdk1.8.0_251
CLASSPATH=.;C:\Program Files\Java\jdk1.8.0_251\lib;C:\Program Files\Java\jdk1.8.0_251\lib\tools.jar
PATH=C:\Python311\Scripts;C:\Python311;D:\apache\apache-maven-3.5.4\bin;C:\Program Files\Java\jdk1.8.0_251\bin;C:\Program Files\Common Files\Oracle\Java\javapath;C:\ProgramData\Oracle\Java\javapath;C:\Windows\system32;C:\Windows;C:\Windows\System32\Wbem;C:\Windows\System32\WindowsPowerShell\v1.0\;C:\Windows\System32\OpenSSH\;C:\Program Files (x86)\NVIDIA Corporation\PhysX\Common;C:\Program Files\NVIDIA Corporation\NVIDIA NvDLISR;C:\WINDOWS\system32;C:\WINDOWS;C:\WINDOWS\System32\Wbem;C:\WINDOWS\System32\WindowsPowerShell\v1.0\;C:\WINDOWS\System32\OpenSSH\;C:\ProgramData\chocolatey\bin;D:\MongoDB\mongosh-1.8.0-win32-x64\bin;C:\Program Files\Git\cmd;D:\apache\gradle-8.0.2\bin;C:\Program Files\NVIDIA Corporation\Nsight Compute 2023.1.0\;D:\apache\apache-zookeeper-3.8.0-bin\bin;D:\apache\Redis-x64-5.0.14.1;%ERLANG_HOME%\bin;D:\nvm;D:\Program Files\nodejs;D:\MongoDB\mongodb-database-tools-windows-x86_64-100.7.0\bin;C:\Program Files\OpenSSL-Win64\bin;D:\apache\elasticsearch-7.17.3\bin;D:\go\bin;C:\Program Files\Docker\Docker\resources\bin;C:\Python310\Scripts\;C:\Python310\;C:\Users\Õº¡È\AppData\Local\Microsoft\WindowsApps;C:\Users\Õº¡È\AppData\Local\Programs\Microsoft VS Code\bin;C:\Program Files (x86)\Tencent\QQGameTempest\Hall.57915\;C:\Users\Õº¡È\AppData\Local\JetBrains\IntelliJ IDEA 2022.3.2\bin;D:\MongoDB\MongoDB Atlas CLI\;D:\nvm;D:\Program Files\nodejs;D:\Program Files\Bandizip\;C:\Users\Õº¡È\go\bin
USERNAME=Õº¡È
OS=Windows_NT
PROCESSOR_IDENTIFIER=Intel64 Family 6 Model 165 Stepping 2, GenuineIntel
TMP=C:\Users\Õº¡È\AppData\Local\Temp
TEMP=C:\Users\Õº¡È\AppData\Local\Temp




Periodic native trim disabled

---------------  S Y S T E M  ---------------

OS:
 Windows 11 , 64 bit Build 22621 (10.0.22621.3085)
OS uptime: 17 days 15:47 hours
Hyper-V role detected

CPU: total 12 (initial active 12) (6 cores per cpu, 2 threads per core) family 6 model 165 stepping 2 microcode 0xe2, cx8, cmov, fxsr, ht, mmx, 3dnowpref, sse, sse2, sse3, ssse3, sse4.1, sse4.2, popcnt, lzcnt, tsc, tscinvbit, avx, avx2, aes, erms, clmul, bmi1, bmi2, adx, fma, vzeroupper, clflush, clflushopt, hv, rdtscp, f16c
Processor Information for all 12 processors :
  Max Mhz: 2592, Current Mhz: 2592, Mhz Limit: 2592

Memory: 4k page, system-wide physical 16251M (745M free)
TotalPageFile size 41851M (AvailPageFile size 7M)
current process WorkingSet (physical memory assigned to process): 12M, peak: 12M
current process commit charge ("private bytes"): 319M, peak: 323M

vm_info: Java HotSpot(TM) 64-Bit Server VM (21.0.1+12-LTS-29) for windows-amd64 JRE (21.0.1+12-LTS-29), built on 2023-10-05T13:27:09Z by "mach5one" with MS VC++ 17.1 (VS2022)

END.
